<?xml version="1.0" encoding="UTF-8"?>
<!-- Generated by org.testng.reporters.JUnitReportReporter -->
<testsuite hostname="Admin" failures="0" tests="2" name="org.tyss.Practice1Test" time="0.020" errors="0" timestamp="18 Jul 2022 11:10:12 GMT">
  <testcase classname="org.tyss.Practice1Test" name="practice2test" time="0.002"/>
  <testcase classname="org.tyss.Practice1Test" name="practice1test" time="0.018"/>
</testsuite> <!-- org.tyss.Practice1Test -->
